<?xml version="1.0" encoding="UTF-8"?>
<testng-results ignored="0" total="3" passed="2" failed="1" skipped="0">
  <reporter-output>
  </reporter-output>
  <suite started-at="2024-03-14T21:47:56 IST" name="Default suite" finished-at="2024-03-14T21:50:24 IST" duration-ms="147347">
    <groups>
      <group name="cucumber">
        <method signature="AbstractTestNGCucumberTests.runScenario(io.cucumber.testng.PickleWrapper,io.cucumber.testng.FeatureWrapper)[pri:0, instance:Runner.TestRunner@11392934]" name="runScenario" class="io.cucumber.testng.AbstractTestNGCucumberTests"/>
      </group> <!-- cucumber -->
    </groups>
    <test started-at="2024-03-14T21:47:56 IST" name="Default test" finished-at="2024-03-14T21:50:24 IST" duration-ms="147347">
      <class name="Runner.TestRunner">
        <test-method is-config="true" signature="setUpClass(org.testng.ITestContext)[pri:0, instance:Runner.TestRunner@11392934]" started-at="2024-03-14T21:47:56 IST" name="setUpClass" finished-at="2024-03-14T21:47:58 IST" duration-ms="1217" status="PASS">
          <params>
            <param index="0">
              <value>
                <![CDATA[org.testng.TestRunner@34208baa]]>
              </value>
            </param>
          </params>
          <reporter-output>
          </reporter-output>
        </test-method> <!-- setUpClass -->
        <test-method signature="runScenario(io.cucumber.testng.PickleWrapper,io.cucumber.testng.FeatureWrapper)[pri:0, instance:Runner.TestRunner@11392934]" started-at="2024-03-14T21:47:58 IST" name="runScenario" description="Runs Cucumber Scenarios" data-provider="scenarios" finished-at="2024-03-14T21:48:29 IST" duration-ms="30901" status="PASS">
          <params>
            <param index="0">
              <value>
                <![CDATA["Adding a “Monitor” Item in Cart and verifying sub total"]]>
              </value>
            </param>
            <param index="1">
              <value>
                <![CDATA["Verify adding multiple items to the cart on Amazon.in"]]>
              </value>
            </param>
          </params>
          <reporter-output>
          </reporter-output>
        </test-method> <!-- runScenario -->
        <test-method signature="runScenario(io.cucumber.testng.PickleWrapper,io.cucumber.testng.FeatureWrapper)[pri:0, instance:Runner.TestRunner@11392934]" started-at="2024-03-14T21:48:29 IST" name="runScenario" description="Runs Cucumber Scenarios" data-provider="scenarios" finished-at="2024-03-14T21:49:06 IST" duration-ms="37276" status="PASS">
          <params>
            <param index="0">
              <value>
                <![CDATA["Adding a “Laptop” Item in Cart and verifying sub total"]]>
              </value>
            </param>
            <param index="1">
              <value>
                <![CDATA["Verify adding multiple items to the cart on Amazon.in"]]>
              </value>
            </param>
          </params>
          <reporter-output>
          </reporter-output>
        </test-method> <!-- runScenario -->
        <test-method signature="runScenario(io.cucumber.testng.PickleWrapper,io.cucumber.testng.FeatureWrapper)[pri:0, instance:Runner.TestRunner@11392934]" started-at="2024-03-14T21:49:06 IST" name="runScenario" description="Runs Cucumber Scenarios" data-provider="scenarios" finished-at="2024-03-14T21:50:14 IST" duration-ms="68418" status="FAIL">
          <params>
            <param index="0">
              <value>
                <![CDATA["Adding two items in Cart and verifying sub total"]]>
              </value>
            </param>
            <param index="1">
              <value>
                <![CDATA["Verify adding multiple items to the cart on Amazon.in"]]>
              </value>
            </param>
          </params>
          <exception class="org.openqa.selenium.SessionNotCreatedException">
            <message>
              <![CDATA[Could not start a new session. Response code 500. Message: session not created: Devtools port number file contents <> were in an unexpected format 
Host info: host: 'kritikas-MacBook-Air.local', ip: 'fe80:0:0:0:45e:1132:7cf7:22aa%en0'
Build info: version: '4.11.0', revision: '040bc5406b'
System info: os.name: 'Mac OS X', os.arch: 'x86_64', os.version: '10.15.6', java.version: '17.0.10'
Driver info: org.openqa.selenium.chrome.ChromeDriver
Command: [null, newSession {capabilities=[Capabilities {browserName: chrome, goog:chromeOptions: {args: [--remote-allow-origins=*], extensions: []}}]}]]]>
            </message>
            <full-stacktrace>
              <![CDATA[org.openqa.selenium.SessionNotCreatedException: Could not start a new session. Response code 500. Message: session not created: Devtools port number file contents <> were in an unexpected format 
Host info: host: 'kritikas-MacBook-Air.local', ip: 'fe80:0:0:0:45e:1132:7cf7:22aa%en0'
Build info: version: '4.11.0', revision: '040bc5406b'
System info: os.name: 'Mac OS X', os.arch: 'x86_64', os.version: '10.15.6', java.version: '17.0.10'
Driver info: org.openqa.selenium.chrome.ChromeDriver
Command: [null, newSession {capabilities=[Capabilities {browserName: chrome, goog:chromeOptions: {args: [--remote-allow-origins=*], extensions: []}}]}]
at org.openqa.selenium.remote.ProtocolHandshake.createSession(ProtocolHandshake.java:140)
at org.openqa.selenium.remote.ProtocolHandshake.createSession(ProtocolHandshake.java:96)
at org.openqa.selenium.remote.ProtocolHandshake.createSession(ProtocolHandshake.java:68)
at org.openqa.selenium.remote.HttpCommandExecutor.execute(HttpCommandExecutor.java:163)
at org.openqa.selenium.remote.service.DriverCommandExecutor.invokeExecute(DriverCommandExecutor.java:196)
at org.openqa.selenium.remote.service.DriverCommandExecutor.execute(DriverCommandExecutor.java:171)
at org.openqa.selenium.remote.RemoteWebDriver.execute(RemoteWebDriver.java:518)
at org.openqa.selenium.remote.RemoteWebDriver.startSession(RemoteWebDriver.java:232)
at org.openqa.selenium.remote.RemoteWebDriver.<init>(RemoteWebDriver.java:159)
at org.openqa.selenium.chromium.ChromiumDriver.<init>(ChromiumDriver.java:108)
at org.openqa.selenium.chrome.ChromeDriver.<init>(ChromeDriver.java:88)
at org.openqa.selenium.chrome.ChromeDriver.<init>(ChromeDriver.java:83)
at org.openqa.selenium.chrome.ChromeDriver.<init>(ChromeDriver.java:51)
at Actions.HomePageActions.openApplication(HomePageActions.java:63)
at stepDefinitions.HomePageStepDefinition.the_user_is_on(HomePageStepDefinition.java:28)
at ✽.the user is on "https://www.amazon.in/"(file:///Users/kritikachakravarty/eclipse-workspace/Kritika/LnWAssessmentBDD/src/test/java/Features/HomePage.feature:4)
]]>
            </full-stacktrace>
          </exception> <!-- org.openqa.selenium.SessionNotCreatedException -->
          <reporter-output>
          </reporter-output>
        </test-method> <!-- runScenario -->
        <test-method is-config="true" signature="tearDownClass()[pri:0, instance:Runner.TestRunner@11392934]" started-at="2024-03-14T21:50:14 IST" name="tearDownClass" finished-at="2024-03-14T21:50:24 IST" duration-ms="9464" status="PASS">
          <reporter-output>
          </reporter-output>
        </test-method> <!-- tearDownClass -->
      </class> <!-- Runner.TestRunner -->
    </test> <!-- Default test -->
  </suite> <!-- Default suite -->
</testng-results>
